2022-06-09 10:39:03,808 [main] INFO  c.c.p.PostProcessingApplication                    - Starting PostProcessingApplication using Java 1.8.0_131 on HTCLT2438 with PID 5804 (C:\Users\kumar.charanswain\Desktop\postprocessing-latest-code-06062022\postprocessing-deployment\target\classes started by kumar.charanswain in C:\Users\kumar.charanswain\Desktop\postprocessing-latest-code-06062022\postprocessing-deployment)
2022-06-09 10:39:03,832 [main] INFO  c.c.p.PostProcessingApplication                    - No active profile set, falling back to 1 default profile: "default"
2022-06-09 10:39:04,637 [main] INFO  o.s.cloud.context.scope.GenericScope               - BeanFactory id=f5c1172f-922a-38f0-bf71-f81076bbab2a
2022-06-09 10:39:04,655 [main] INFO  c.u.j.c.EnableEncryptablePropertiesBeanFactoryPostProcessor - Post-processing PropertySource instances
2022-06-09 10:39:04,727 [main] INFO  c.u.j.EncryptablePropertySourceConverter           - Converting PropertySource configurationProperties [org.springframework.boot.context.properties.source.ConfigurationPropertySourcesPropertySource] to AOP Proxy
2022-06-09 10:39:04,730 [main] INFO  c.u.j.EncryptablePropertySourceConverter           - Converting PropertySource servletConfigInitParams [org.springframework.core.env.PropertySource$StubPropertySource] to EncryptablePropertySourceWrapper
2022-06-09 10:39:04,730 [main] INFO  c.u.j.EncryptablePropertySourceConverter           - Converting PropertySource servletContextInitParams [org.springframework.core.env.PropertySource$StubPropertySource] to EncryptablePropertySourceWrapper
2022-06-09 10:39:04,730 [main] INFO  c.u.j.EncryptablePropertySourceConverter           - Converting PropertySource systemProperties [org.springframework.core.env.PropertiesPropertySource] to EncryptableMapPropertySourceWrapper
2022-06-09 10:39:04,731 [main] INFO  c.u.j.EncryptablePropertySourceConverter           - Converting PropertySource systemEnvironment [org.springframework.boot.env.SystemEnvironmentPropertySourceEnvironmentPostProcessor$OriginAwareSystemEnvironmentPropertySource] to EncryptableSystemEnvironmentPropertySourceWrapper
2022-06-09 10:39:04,731 [main] INFO  c.u.j.EncryptablePropertySourceConverter           - Converting PropertySource random [org.springframework.boot.env.RandomValuePropertySource] to EncryptablePropertySourceWrapper
2022-06-09 10:39:04,731 [main] INFO  c.u.j.EncryptablePropertySourceConverter           - Converting PropertySource cachedrandom [org.springframework.cloud.util.random.CachedRandomPropertySource] to EncryptablePropertySourceWrapper
2022-06-09 10:39:04,731 [main] INFO  c.u.j.EncryptablePropertySourceConverter           - Converting PropertySource springCloudClientHostInfo [org.springframework.core.env.MapPropertySource] to EncryptableMapPropertySourceWrapper
2022-06-09 10:39:04,731 [main] INFO  c.u.j.EncryptablePropertySourceConverter           - Converting PropertySource Config resource 'file [application.properties]' via location 'application.properties' [org.springframework.boot.env.OriginTrackedMapPropertySource] to EncryptableMapPropertySourceWrapper
2022-06-09 10:39:04,731 [main] INFO  c.u.j.EncryptablePropertySourceConverter           - Converting PropertySource defaultProperties [org.springframework.boot.DefaultPropertiesPropertySource] to EncryptableMapPropertySourceWrapper
2022-06-09 10:39:04,940 [main] INFO  c.u.j.filter.DefaultLazyPropertyFilter             - Property Filter custom Bean not found with name 'encryptablePropertyFilter'. Initializing Default Property Filter
2022-06-09 10:39:05,161 [main] INFO  o.s.b.w.embedded.tomcat.TomcatWebServer            - Tomcat initialized with port(s): 8080 (http)
2022-06-09 10:39:05,171 [main] INFO  o.apache.coyote.http11.Http11NioProtocol           - Initializing ProtocolHandler ["http-nio-8080"]
2022-06-09 10:39:05,171 [main] INFO  org.apache.catalina.core.StandardService           - Starting service [Tomcat]
2022-06-09 10:39:05,171 [main] INFO  org.apache.catalina.core.StandardEngine            - Starting Servlet engine: [Apache Tomcat/9.0.58]
2022-06-09 10:39:05,461 [main] INFO  o.a.c.c.C.[Tomcat].[localhost].[/]                 - Initializing Spring embedded WebApplicationContext
2022-06-09 10:39:05,461 [main] INFO  o.s.b.w.s.c.ServletWebServerApplicationContext     - Root WebApplicationContext: initialization completed in 1565 ms
2022-06-09 10:39:05,477 [main] INFO  c.u.j.r.DefaultLazyPropertyResolver                - Property Resolver custom Bean not found with name 'encryptablePropertyResolver'. Initializing Default Property Resolver
2022-06-09 10:39:05,477 [main] INFO  c.u.j.d.DefaultLazyPropertyDetector                - Property Detector custom Bean not found with name 'encryptablePropertyDetector'. Initializing Default Property Detector
2022-06-09 10:39:05,694 [main] INFO  c.u.j.encryptor.DefaultLazyEncryptor               - String Encryptor custom Bean not found with name 'jasyptStringEncryptor'. Initializing Default String Encryptor
2022-06-09 10:39:05,710 [main] INFO  c.u.j.encryptor.DefaultLazyEncryptor               - Encryptor config not found for property jasypt.encryptor.key-obtention-iterations, using default value: 1000
2022-06-09 10:39:05,710 [main] INFO  c.u.j.encryptor.DefaultLazyEncryptor               - Encryptor config not found for property jasypt.encryptor.pool-size, using default value: 1
2022-06-09 10:39:05,710 [main] INFO  c.u.j.encryptor.DefaultLazyEncryptor               - Encryptor config not found for property jasypt.encryptor.provider-name, using default value: null
2022-06-09 10:39:05,710 [main] INFO  c.u.j.encryptor.DefaultLazyEncryptor               - Encryptor config not found for property jasypt.encryptor.provider-class-name, using default value: null
2022-06-09 10:39:05,710 [main] INFO  c.u.j.encryptor.DefaultLazyEncryptor               - Encryptor config not found for property jasypt.encryptor.salt-generator-classname, using default value: org.jasypt.salt.RandomSaltGenerator
2022-06-09 10:39:05,710 [main] INFO  c.u.j.encryptor.DefaultLazyEncryptor               - Encryptor config not found for property jasypt.encryptor.string-output-type, using default value: base64
2022-06-09 10:39:06,745 [main] INFO  o.apache.coyote.http11.Http11NioProtocol           - Starting ProtocolHandler ["http-nio-8080"]
2022-06-09 10:39:06,772 [main] INFO  o.s.b.w.embedded.tomcat.TomcatWebServer            - Tomcat started on port(s): 8080 (http) with context path ''
2022-06-09 10:39:07,113 [main] INFO  c.c.p.PostProcessingApplication                    - Started PostProcessingApplication in 4.278 seconds (JVM running for 9.752)
2022-06-09 10:42:05,701 [scheduling-1] INFO  c.c.p.scheduler.PostProcessingScheduler            - pcl batch deployment using eclipse IDE:testing
